<?xml version="1.0" encoding="UTF-8"?>
<!-- Generated by org.testng.reporters.JUnitReportReporter -->
<testsuite hostname="DESKTOP-7BVSPJ0" failures="0" tests="5" name="com.mvm.Maven_Demo.TestNG_Priority" time="0.046" errors="0" timestamp="2023-06-30T15:47:49 IST" skipped="0">
  <testcase classname="com.mvm.Maven_Demo.TestNG_Priority" name="testA" time="0.029"/>
  <testcase classname="com.mvm.Maven_Demo.TestNG_Priority" name="testE" time="0.006"/>
  <testcase classname="com.mvm.Maven_Demo.TestNG_Priority" name="testB" time="0.003"/>
  <testcase classname="com.mvm.Maven_Demo.TestNG_Priority" name="testD" time="0.005"/>
  <testcase classname="com.mvm.Maven_Demo.TestNG_Priority" name="testC" time="0.003"/>
</testsuite> <!-- com.mvm.Maven_Demo.TestNG_Priority -->
