<?xml version="1.0" encoding="UTF-8"?>
<!-- Generated by org.testng.reporters.JUnitReportReporter -->
<testsuite hostname="DESKTOP-7BVSPJ0" failures="0" tests="1" name="msedge.Msedge" time="26.358" errors="0" timestamp="2023-08-25T10:29:29 IST" skipped="0">
  <testcase classname="msedge.Msedge" name="Frist_Page" time="26.358"/>
</testsuite> <!-- msedge.Msedge -->
