<?xml version="1.0" encoding="UTF-8"?>
<!-- Generated by org.testng.reporters.JUnitReportReporter -->
<testsuite hostname="DESKTOP-7BVSPJ0" failures="0" tests="1" name="bstackdemo.select" time="429.188" errors="0" timestamp="2023-07-07T11:11:44 IST" skipped="0">
  <testcase classname="bstackdemo.select" name="name" time="429.188"/>
</testsuite> <!-- bstackdemo.select -->
