<?xml version="1.0" encoding="UTF-8"?>
<!-- Generated by org.testng.reporters.JUnitReportReporter -->
<testsuite hostname="DESKTOP-7BVSPJ0" failures="0" tests="3" name="com.mvm.Maven_Demo.Data_provider" time="0.035" errors="0" timestamp="2023-06-30T12:44:28 IST" skipped="0">
  <testcase classname="com.mvm.Maven_Demo.Data_provider" name="DataMaxtrix" time="0.016"/>
  <testcase classname="com.mvm.Maven_Demo.Data_provider" name="DataMaxtrix" time="0.011"/>
  <testcase classname="com.mvm.Maven_Demo.Data_provider" name="DataMaxtrix" time="0.008"/>
</testsuite> <!-- com.mvm.Maven_Demo.Data_provider -->
