<?xml version="1.0" encoding="UTF-8"?>
<!-- Generated by org.testng.reporters.JUnitReportReporter -->
<testsuite hostname="DESKTOP-7BVSPJ0" failures="0" tests="6" name="com.Main.MainTest" time="306.152" errors="0" timestamp="2023-08-22T22:54:48 IST" skipped="0">
  <testcase classname="com.Main.MainTest" name="longingDetils" time="10.604"/>
  <testcase classname="com.Main.MainTest" name="sideMenu" time="208.628"/>
  <testcase classname="com.Main.MainTest" name="OpenCart" time="25.546"/>
  <testcase classname="com.Main.MainTest" name="ShippingAddress" time="23.974"/>
  <testcase classname="com.Main.MainTest" name="DownloadReceipt" time="4.417"/>
  <testcase classname="com.Main.MainTest" name="UpsideManu" time="32.983"/>
</testsuite> <!-- com.Main.MainTest -->
