<?xml version="1.0" encoding="UTF-8"?>
<!-- Generated by org.testng.reporters.JUnitReportReporter -->
<testsuite hostname="DESKTOP-7BVSPJ0" failures="0" tests="1" name="demoblaze.singup_1" time="12.048" errors="0" timestamp="2023-07-11T17:19:06 IST" skipped="0">
  <testcase classname="demoblaze.singup_1" name="loging" time="12.048"/>
</testsuite> <!-- demoblaze.singup_1 -->
