<?xml version="1.0" encoding="UTF-8"?>
<!-- Generated by org.testng.reporters.JUnitReportReporter -->
<testsuite hostname="DESKTOP-7BVSPJ0" failures="0" tests="13" name="bstackdemo.Bstack_demo_Project_Image_Not_Loading_User" time="62.673" errors="0" timestamp="2023-07-10T17:15:13 IST" skipped="0">
  <testcase classname="bstackdemo.Bstack_demo_Project_Image_Not_Loading_User" name="logingpage" time="12.706"/>
  <testcase classname="bstackdemo.Bstack_demo_Project_Image_Not_Loading_User" name="venderlist" time="2.257"/>
  <testcase classname="bstackdemo.Bstack_demo_Project_Image_Not_Loading_User" name="orderby" time="4.209"/>
  <testcase classname="bstackdemo.Bstack_demo_Project_Image_Not_Loading_User" name="Addcart" time="4.349"/>
  <testcase classname="bstackdemo.Bstack_demo_Project_Image_Not_Loading_User" name="checkout" time="2.261"/>
  <testcase classname="bstackdemo.Bstack_demo_Project_Image_Not_Loading_User" name="shippingAddress" time="21.966"/>
  <testcase classname="bstackdemo.Bstack_demo_Project_Image_Not_Loading_User" name="submitbutton" time="2.109"/>
  <testcase classname="bstackdemo.Bstack_demo_Project_Image_Not_Loading_User" name="DownloadOrderReceipt" time="2.129"/>
  <testcase classname="bstackdemo.Bstack_demo_Project_Image_Not_Loading_User" name="BackToHomePage" time="2.190"/>
  <testcase classname="bstackdemo.Bstack_demo_Project_Image_Not_Loading_User" name="Offers" time="2.141"/>
  <testcase classname="bstackdemo.Bstack_demo_Project_Image_Not_Loading_User" name="Orders" time="2.105"/>
  <testcase classname="bstackdemo.Bstack_demo_Project_Image_Not_Loading_User" name="Favourites" time="2.118"/>
  <testcase classname="bstackdemo.Bstack_demo_Project_Image_Not_Loading_User" name="logout" time="2.133"/>
</testsuite> <!-- bstackdemo.Bstack_demo_Project_Image_Not_Loading_User -->
