<?xml version="1.0" encoding="UTF-8"?>
<!-- Generated by org.testng.reporters.JUnitReportReporter -->
<testsuite hostname="DESKTOP-7BVSPJ0" failures="0" tests="1" name="cricbuzz.Cricbuzz" time="30.928" errors="0" timestamp="2023-07-20T10:05:07 IST" skipped="0">
  <testcase classname="cricbuzz.Cricbuzz" name="Frist_Page" time="30.928"/>
</testsuite> <!-- cricbuzz.Cricbuzz -->
