<?xml version="1.0" encoding="UTF-8"?>
<!-- Generated by org.testng.reporters.JUnitReportReporter -->
<testsuite hostname="DESKTOP-7BVSPJ0" failures="0" tests="1" name="com.mvm.Maven_Demo.Junit123" time="0.021" errors="0" timestamp="2023-06-26T14:48:39 IST" skipped="0">
  <testcase classname="com.mvm.Maven_Demo.Junit123" name="test" time="0.021"/>
</testsuite> <!-- com.mvm.Maven_Demo.Junit123 -->
